{"/home/abdu/Desktop/fatura/server.js": {"path":"/home/abdu/Desktop/fatura/server.js","statementMap":{"0":{"start":{"line":1,"column":0},"end":{"line":1,"column":32}},"1":{"start":{"line":2,"column":0},"end":{"line":2,"column":66}},"2":{"start":{"line":3,"column":16},"end":{"line":3,"column":34}},"3":{"start":{"line":5,"column":12},"end":{"line":5,"column":21}},"4":{"start":{"line":7,"column":0},"end":{"line":7,"column":26}},"5":{"start":{"line":8,"column":0},"end":{"line":8,"column":33}},"6":{"start":{"line":10,"column":0},"end":{"line":10,"column":21}}},"fnMap":{},"branchMap":{},"s":{"0":5,"1":5,"2":5,"3":5,"4":5,"5":5,"6":5},"f":{},"b":{},"_coverageSchema":"1a1c01bbd47fc00a2c39e90264f33305004495a9","hash":"8ae1dd658e76406f25661efaa1a0f769f1d43ef7"}
,"/home/abdu/Desktop/fatura/Controllers/addEmployee.js": {"path":"/home/abdu/Desktop/fatura/Controllers/addEmployee.js","statementMap":{"0":{"start":{"line":1,"column":13},"end":{"line":1,"column":38}},"1":{"start":{"line":3,"column":12},"end":{"line":3,"column":26}},"2":{"start":{"line":4,"column":15},"end":{"line":4,"column":34}},"3":{"start":{"line":6,"column":0},"end":{"line":28,"column":2}},"4":{"start":{"line":7,"column":20},"end":{"line":7,"column":46}},"5":{"start":{"line":8,"column":2},"end":{"line":8,"column":80}},"6":{"start":{"line":8,"column":13},"end":{"line":8,"column":80}},"7":{"start":{"line":10,"column":16},"end":{"line":10,"column":44}},"8":{"start":{"line":12,"column":17},"end":{"line":12,"column":53}},"9":{"start":{"line":13,"column":2},"end":{"line":14,"column":73}},"10":{"start":{"line":14,"column":4},"end":{"line":14,"column":73}},"11":{"start":{"line":16,"column":2},"end":{"line":21,"column":5}},"12":{"start":{"line":23,"column":15},"end":{"line":23,"column":39}},"13":{"start":{"line":24,"column":2},"end":{"line":24,"column":65}},"14":{"start":{"line":25,"column":2},"end":{"line":25,"column":24}},"15":{"start":{"line":27,"column":2},"end":{"line":27,"column":47}},"16":{"start":{"line":31,"column":17},"end":{"line":39,"column":4}},"17":{"start":{"line":40,"column":2},"end":{"line":40,"column":35}}},"fnMap":{"0":{"name":"(anonymous_0)","decl":{"start":{"line":6,"column":17},"end":{"line":6,"column":18}},"loc":{"start":{"line":6,"column":37},"end":{"line":28,"column":1}},"line":6},"1":{"name":"validateEmployee","decl":{"start":{"line":30,"column":9},"end":{"line":30,"column":25}},"loc":{"start":{"line":30,"column":36},"end":{"line":41,"column":1}},"line":30}},"branchMap":{"0":{"loc":{"start":{"line":8,"column":2},"end":{"line":8,"column":80}},"type":"if","locations":[{"start":{"line":8,"column":2},"end":{"line":8,"column":80}},{"start":{},"end":{}}],"line":8},"1":{"loc":{"start":{"line":13,"column":2},"end":{"line":14,"column":73}},"type":"if","locations":[{"start":{"line":13,"column":2},"end":{"line":14,"column":73}},{"start":{},"end":{}}],"line":13}},"s":{"0":5,"1":5,"2":5,"3":5,"4":3,"5":3,"6":1,"7":2,"8":2,"9":2,"10":2,"11":0,"12":0,"13":0,"14":0,"15":0,"16":3,"17":3},"f":{"0":3,"1":3},"b":{"0":[1,2],"1":[2,0]},"_coverageSchema":"1a1c01bbd47fc00a2c39e90264f33305004495a9","hash":"f571109e6d09230bd6f971f02ba8b7a7407d289e"}
,"/home/abdu/Desktop/fatura/Controllers/assignRole.js": {"path":"/home/abdu/Desktop/fatura/Controllers/assignRole.js","statementMap":{"0":{"start":{"line":1,"column":13},"end":{"line":1,"column":38}},"1":{"start":{"line":3,"column":12},"end":{"line":3,"column":26}},"2":{"start":{"line":5,"column":0},"end":{"line":16,"column":2}},"3":{"start":{"line":6,"column":20},"end":{"line":6,"column":38}},"4":{"start":{"line":7,"column":2},"end":{"line":7,"column":80}},"5":{"start":{"line":7,"column":13},"end":{"line":7,"column":80}},"6":{"start":{"line":9,"column":13},"end":{"line":12,"column":3}},"7":{"start":{"line":13,"column":2},"end":{"line":13,"column":72}},"8":{"start":{"line":13,"column":13},"end":{"line":13,"column":72}},"9":{"start":{"line":15,"column":2},"end":{"line":15,"column":52}},"10":{"start":{"line":19,"column":17},"end":{"line":21,"column":4}},"11":{"start":{"line":22,"column":2},"end":{"line":22,"column":30}}},"fnMap":{"0":{"name":"(anonymous_0)","decl":{"start":{"line":5,"column":17},"end":{"line":5,"column":18}},"loc":{"start":{"line":5,"column":37},"end":{"line":16,"column":1}},"line":5},"1":{"name":"validate","decl":{"start":{"line":18,"column":9},"end":{"line":18,"column":17}},"loc":{"start":{"line":18,"column":23},"end":{"line":23,"column":1}},"line":18}},"branchMap":{"0":{"loc":{"start":{"line":7,"column":2},"end":{"line":7,"column":80}},"type":"if","locations":[{"start":{"line":7,"column":2},"end":{"line":7,"column":80}},{"start":{},"end":{}}],"line":7},"1":{"loc":{"start":{"line":13,"column":2},"end":{"line":13,"column":72}},"type":"if","locations":[{"start":{"line":13,"column":2},"end":{"line":13,"column":72}},{"start":{},"end":{}}],"line":13}},"s":{"0":5,"1":5,"2":5,"3":4,"4":4,"5":2,"6":2,"7":2,"8":2,"9":0,"10":4,"11":4},"f":{"0":4,"1":4},"b":{"0":[2,2],"1":[2,0]},"_coverageSchema":"1a1c01bbd47fc00a2c39e90264f33305004495a9","hash":"696b717040d1ba6160baf6ed25de14b7bd270359"}
,"/home/abdu/Desktop/fatura/Controllers/generateAccessToken.js": {"path":"/home/abdu/Desktop/fatura/Controllers/generateAccessToken.js","statementMap":{"0":{"start":{"line":1,"column":13},"end":{"line":1,"column":38}},"1":{"start":{"line":3,"column":20},"end":{"line":3,"column":61}},"2":{"start":{"line":5,"column":12},"end":{"line":5,"column":35}},"3":{"start":{"line":7,"column":0},"end":{"line":27,"column":2}},"4":{"start":{"line":8,"column":18},"end":{"line":11,"column":3}},"5":{"start":{"line":13,"column":2},"end":{"line":14,"column":70}},"6":{"start":{"line":14,"column":4},"end":{"line":14,"column":70}},"7":{"start":{"line":16,"column":15},"end":{"line":16,"column":56}},"8":{"start":{"line":17,"column":2},"end":{"line":17,"column":72}},"9":{"start":{"line":17,"column":13},"end":{"line":17,"column":72}},"10":{"start":{"line":19,"column":22},"end":{"line":19,"column":45}},"11":{"start":{"line":21,"column":2},"end":{"line":24,"column":5}},"12":{"start":{"line":26,"column":2},"end":{"line":26,"column":68}}},"fnMap":{"0":{"name":"(anonymous_0)","decl":{"start":{"line":7,"column":17},"end":{"line":7,"column":18}},"loc":{"start":{"line":7,"column":37},"end":{"line":27,"column":1}},"line":7}},"branchMap":{"0":{"loc":{"start":{"line":13,"column":2},"end":{"line":14,"column":70}},"type":"if","locations":[{"start":{"line":13,"column":2},"end":{"line":14,"column":70}},{"start":{},"end":{}}],"line":13},"1":{"loc":{"start":{"line":17,"column":2},"end":{"line":17,"column":72}},"type":"if","locations":[{"start":{"line":17,"column":2},"end":{"line":17,"column":72}},{"start":{},"end":{}}],"line":17}},"s":{"0":5,"1":5,"2":5,"3":5,"4":4,"5":4,"6":1,"7":2,"8":2,"9":2,"10":0,"11":0,"12":0},"f":{"0":4},"b":{"0":[1,2],"1":[2,0]},"_coverageSchema":"1a1c01bbd47fc00a2c39e90264f33305004495a9","hash":"397d250b84dc3c35aa79fda092cb2ed8d79bc337"}
,"/home/abdu/Desktop/fatura/Controllers/logOut.js": {"path":"/home/abdu/Desktop/fatura/Controllers/logOut.js","statementMap":{"0":{"start":{"line":1,"column":0},"end":{"line":13,"column":2}},"1":{"start":{"line":2,"column":2},"end":{"line":5,"column":5}},"2":{"start":{"line":7,"column":2},"end":{"line":10,"column":5}},"3":{"start":{"line":12,"column":2},"end":{"line":12,"column":32}}},"fnMap":{"0":{"name":"(anonymous_0)","decl":{"start":{"line":1,"column":17},"end":{"line":1,"column":18}},"loc":{"start":{"line":1,"column":37},"end":{"line":13,"column":1}},"line":1}},"branchMap":{},"s":{"0":5,"1":2,"2":1,"3":1},"f":{"0":2},"b":{},"_coverageSchema":"1a1c01bbd47fc00a2c39e90264f33305004495a9","hash":"62410163d1d9795c16cfe800cbeb7d878199c6b7"}
,"/home/abdu/Desktop/fatura/Controllers/login.js": {"path":"/home/abdu/Desktop/fatura/Controllers/login.js","statementMap":{"0":{"start":{"line":1,"column":13},"end":{"line":1,"column":38}},"1":{"start":{"line":3,"column":15},"end":{"line":3,"column":34}},"2":{"start":{"line":4,"column":12},"end":{"line":4,"column":26}},"3":{"start":{"line":6,"column":20},"end":{"line":6,"column":61}},"4":{"start":{"line":7,"column":21},"end":{"line":7,"column":63}},"5":{"start":{"line":9,"column":0},"end":{"line":37,"column":2}},"6":{"start":{"line":10,"column":20},"end":{"line":10,"column":38}},"7":{"start":{"line":11,"column":2},"end":{"line":11,"column":80}},"8":{"start":{"line":11,"column":13},"end":{"line":11,"column":80}},"9":{"start":{"line":13,"column":13},"end":{"line":13,"column":72}},"10":{"start":{"line":14,"column":2},"end":{"line":14,"column":70}},"11":{"start":{"line":14,"column":13},"end":{"line":14,"column":70}},"12":{"start":{"line":16,"column":18},"end":{"line":16,"column":72}},"13":{"start":{"line":17,"column":2},"end":{"line":17,"column":73}},"14":{"start":{"line":17,"column":16},"end":{"line":17,"column":73}},"15":{"start":{"line":19,"column":22},"end":{"line":19,"column":45}},"16":{"start":{"line":20,"column":23},"end":{"line":20,"column":47}},"17":{"start":{"line":22,"column":2},"end":{"line":25,"column":5}},"18":{"start":{"line":27,"column":2},"end":{"line":30,"column":5}},"19":{"start":{"line":32,"column":2},"end":{"line":36,"column":5}},"20":{"start":{"line":40,"column":17},"end":{"line":46,"column":4}},"21":{"start":{"line":47,"column":2},"end":{"line":47,"column":30}}},"fnMap":{"0":{"name":"(anonymous_0)","decl":{"start":{"line":9,"column":17},"end":{"line":9,"column":18}},"loc":{"start":{"line":9,"column":37},"end":{"line":37,"column":1}},"line":9},"1":{"name":"validate","decl":{"start":{"line":39,"column":9},"end":{"line":39,"column":17}},"loc":{"start":{"line":39,"column":23},"end":{"line":48,"column":1}},"line":39}},"branchMap":{"0":{"loc":{"start":{"line":11,"column":2},"end":{"line":11,"column":80}},"type":"if","locations":[{"start":{"line":11,"column":2},"end":{"line":11,"column":80}},{"start":{},"end":{}}],"line":11},"1":{"loc":{"start":{"line":14,"column":2},"end":{"line":14,"column":70}},"type":"if","locations":[{"start":{"line":14,"column":2},"end":{"line":14,"column":70}},{"start":{},"end":{}}],"line":14},"2":{"loc":{"start":{"line":17,"column":2},"end":{"line":17,"column":73}},"type":"if","locations":[{"start":{"line":17,"column":2},"end":{"line":17,"column":73}},{"start":{},"end":{}}],"line":17}},"s":{"0":5,"1":5,"2":5,"3":5,"4":5,"5":5,"6":4,"7":4,"8":1,"9":3,"10":3,"11":1,"12":2,"13":2,"14":1,"15":1,"16":1,"17":1,"18":1,"19":1,"20":4,"21":4},"f":{"0":4,"1":4},"b":{"0":[1,3],"1":[1,2],"2":[1,1]},"_coverageSchema":"1a1c01bbd47fc00a2c39e90264f33305004495a9","hash":"023b03981445e96c18726be73b6f92dfab276634"}
,"/home/abdu/Desktop/fatura/Middlewares/auth.js": {"path":"/home/abdu/Desktop/fatura/Middlewares/auth.js","statementMap":{"0":{"start":{"line":1,"column":12},"end":{"line":1,"column":35}},"1":{"start":{"line":3,"column":0},"end":{"line":15,"column":2}},"2":{"start":{"line":4,"column":2},"end":{"line":13,"column":3}},"3":{"start":{"line":5,"column":18},"end":{"line":5,"column":57}},"4":{"start":{"line":7,"column":4},"end":{"line":7,"column":61}},"5":{"start":{"line":7,"column":16},"end":{"line":7,"column":61}},"6":{"start":{"line":9,"column":20},"end":{"line":9,"column":64}},"7":{"start":{"line":10,"column":4},"end":{"line":10,"column":23}},"8":{"start":{"line":12,"column":4},"end":{"line":12,"column":63}},"9":{"start":{"line":14,"column":2},"end":{"line":14,"column":9}}},"fnMap":{"0":{"name":"(anonymous_0)","decl":{"start":{"line":3,"column":17},"end":{"line":3,"column":18}},"loc":{"start":{"line":3,"column":43},"end":{"line":15,"column":1}},"line":3}},"branchMap":{"0":{"loc":{"start":{"line":7,"column":4},"end":{"line":7,"column":61}},"type":"if","locations":[{"start":{"line":7,"column":4},"end":{"line":7,"column":61}},{"start":{},"end":{}}],"line":7}},"s":{"0":5,"1":5,"2":14,"3":14,"4":13,"5":3,"6":10,"7":10,"8":1,"9":11},"f":{"0":14},"b":{"0":[3,10]},"_coverageSchema":"1a1c01bbd47fc00a2c39e90264f33305004495a9","hash":"d14a59c1febe19c31a02e38bd802debba4b7c519"}
,"/home/abdu/Desktop/fatura/Middlewares/isAdmin.js": {"path":"/home/abdu/Desktop/fatura/Middlewares/isAdmin.js","statementMap":{"0":{"start":{"line":1,"column":0},"end":{"line":5,"column":2}},"1":{"start":{"line":2,"column":2},"end":{"line":3,"column":68}},"2":{"start":{"line":3,"column":4},"end":{"line":3,"column":68}},"3":{"start":{"line":4,"column":2},"end":{"line":4,"column":9}}},"fnMap":{"0":{"name":"(anonymous_0)","decl":{"start":{"line":1,"column":17},"end":{"line":1,"column":18}},"loc":{"start":{"line":1,"column":43},"end":{"line":5,"column":1}},"line":1}},"branchMap":{"0":{"loc":{"start":{"line":2,"column":2},"end":{"line":3,"column":68}},"type":"if","locations":[{"start":{"line":2,"column":2},"end":{"line":3,"column":68}},{"start":{},"end":{}}],"line":2}},"s":{"0":5,"1":9,"2":2,"3":7},"f":{"0":9},"b":{"0":[2,7]},"_coverageSchema":"1a1c01bbd47fc00a2c39e90264f33305004495a9","hash":"4ffc50c7424feab72d81e09f3bda841a2dc41c29"}
,"/home/abdu/Desktop/fatura/Middlewares/verifyRefresh.js": {"path":"/home/abdu/Desktop/fatura/Middlewares/verifyRefresh.js","statementMap":{"0":{"start":{"line":1,"column":12},"end":{"line":1,"column":35}},"1":{"start":{"line":3,"column":0},"end":{"line":15,"column":2}},"2":{"start":{"line":4,"column":2},"end":{"line":13,"column":3}},"3":{"start":{"line":5,"column":18},"end":{"line":5,"column":57}},"4":{"start":{"line":7,"column":4},"end":{"line":7,"column":61}},"5":{"start":{"line":7,"column":16},"end":{"line":7,"column":61}},"6":{"start":{"line":9,"column":20},"end":{"line":9,"column":65}},"7":{"start":{"line":10,"column":4},"end":{"line":10,"column":23}},"8":{"start":{"line":12,"column":4},"end":{"line":12,"column":63}},"9":{"start":{"line":14,"column":2},"end":{"line":14,"column":9}}},"fnMap":{"0":{"name":"(anonymous_0)","decl":{"start":{"line":3,"column":17},"end":{"line":3,"column":18}},"loc":{"start":{"line":3,"column":43},"end":{"line":15,"column":1}},"line":3}},"branchMap":{"0":{"loc":{"start":{"line":7,"column":4},"end":{"line":7,"column":61}},"type":"if","locations":[{"start":{"line":7,"column":4},"end":{"line":7,"column":61}},{"start":{},"end":{}}],"line":7}},"s":{"0":5,"1":5,"2":5,"3":5,"4":5,"5":1,"6":4,"7":3,"8":1,"9":4},"f":{"0":5},"b":{"0":[1,4]},"_coverageSchema":"1a1c01bbd47fc00a2c39e90264f33305004495a9","hash":"b2fae03c7b8206b69318bc7ba23bd08944eaa3e0"}
,"/home/abdu/Desktop/fatura/Models/User.js": {"path":"/home/abdu/Desktop/fatura/Models/User.js","statementMap":{"0":{"start":{"line":1,"column":17},"end":{"line":1,"column":36}},"1":{"start":{"line":3,"column":15},"end":{"line":3,"column":30}},"2":{"start":{"line":5,"column":19},"end":{"line":25,"column":1}},"3":{"start":{"line":27,"column":13},"end":{"line":27,"column":47}},"4":{"start":{"line":29,"column":0},"end":{"line":29,"column":22}}},"fnMap":{},"branchMap":{},"s":{"0":5,"1":5,"2":5,"3":5,"4":5},"f":{},"b":{},"_coverageSchema":"1a1c01bbd47fc00a2c39e90264f33305004495a9","hash":"0ed41965c9d66d21899167f7e6ef72ea8a2a1d80"}
,"/home/abdu/Desktop/fatura/Routes/User.js": {"path":"/home/abdu/Desktop/fatura/Routes/User.js","statementMap":{"0":{"start":{"line":1,"column":16},"end":{"line":1,"column":34}},"1":{"start":{"line":3,"column":15},"end":{"line":3,"column":31}},"2":{"start":{"line":5,"column":22},"end":{"line":5,"column":61}},"3":{"start":{"line":6,"column":13},"end":{"line":6,"column":43}},"4":{"start":{"line":7,"column":16},"end":{"line":7,"column":49}},"5":{"start":{"line":9,"column":20},"end":{"line":9,"column":57}},"6":{"start":{"line":10,"column":14},"end":{"line":10,"column":45}},"7":{"start":{"line":11,"column":28},"end":{"line":11,"column":73}},"8":{"start":{"line":12,"column":15},"end":{"line":12,"column":47}},"9":{"start":{"line":13,"column":19},"end":{"line":13,"column":55}},"10":{"start":{"line":15,"column":0},"end":{"line":15,"column":56}},"11":{"start":{"line":16,"column":0},"end":{"line":16,"column":29}},"12":{"start":{"line":17,"column":0},"end":{"line":17,"column":72}},"13":{"start":{"line":18,"column":0},"end":{"line":18,"column":36}},"14":{"start":{"line":19,"column":0},"end":{"line":19,"column":61}},"15":{"start":{"line":21,"column":0},"end":{"line":21,"column":24}}},"fnMap":{},"branchMap":{},"s":{"0":5,"1":5,"2":5,"3":5,"4":5,"5":5,"6":5,"7":5,"8":5,"9":5,"10":5,"11":5,"12":5,"13":5,"14":5,"15":5},"f":{},"b":{},"_coverageSchema":"1a1c01bbd47fc00a2c39e90264f33305004495a9","hash":"9486005754642fea194091bf846ed8dffda63d5f"}
,"/home/abdu/Desktop/fatura/Services/JWT/generateAccess.js": {"path":"/home/abdu/Desktop/fatura/Services/JWT/generateAccess.js","statementMap":{"0":{"start":{"line":1,"column":12},"end":{"line":1,"column":35}},"1":{"start":{"line":3,"column":0},"end":{"line":11,"column":2}},"2":{"start":{"line":4,"column":16},"end":{"line":8,"column":3}},"3":{"start":{"line":10,"column":2},"end":{"line":10,"column":15}}},"fnMap":{"0":{"name":"(anonymous_0)","decl":{"start":{"line":3,"column":17},"end":{"line":3,"column":18}},"loc":{"start":{"line":3,"column":33},"end":{"line":11,"column":1}},"line":3}},"branchMap":{},"s":{"0":5,"1":5,"2":1,"3":1},"f":{"0":1},"b":{},"_coverageSchema":"1a1c01bbd47fc00a2c39e90264f33305004495a9","hash":"4e3417938a08d9a193a498a087383d54e3ac8eba"}
,"/home/abdu/Desktop/fatura/Services/JWT/generateRefresh.js": {"path":"/home/abdu/Desktop/fatura/Services/JWT/generateRefresh.js","statementMap":{"0":{"start":{"line":1,"column":12},"end":{"line":1,"column":35}},"1":{"start":{"line":3,"column":0},"end":{"line":11,"column":2}},"2":{"start":{"line":4,"column":16},"end":{"line":8,"column":3}},"3":{"start":{"line":10,"column":2},"end":{"line":10,"column":15}}},"fnMap":{"0":{"name":"(anonymous_0)","decl":{"start":{"line":3,"column":17},"end":{"line":3,"column":18}},"loc":{"start":{"line":3,"column":33},"end":{"line":11,"column":1}},"line":3}},"branchMap":{},"s":{"0":5,"1":5,"2":1,"3":1},"f":{"0":1},"b":{},"_coverageSchema":"1a1c01bbd47fc00a2c39e90264f33305004495a9","hash":"44c27b1fbf803698b7a02dd59d53cf0859f37751"}
,"/home/abdu/Desktop/fatura/Startup/DB.js": {"path":"/home/abdu/Desktop/fatura/Startup/DB.js","statementMap":{"0":{"start":{"line":1,"column":17},"end":{"line":1,"column":36}},"1":{"start":{"line":2,"column":16},"end":{"line":2,"column":34}},"2":{"start":{"line":4,"column":0},"end":{"line":15,"column":2}},"3":{"start":{"line":5,"column":2},"end":{"line":8,"column":5}},"4":{"start":{"line":10,"column":13},"end":{"line":10,"column":32}},"5":{"start":{"line":11,"column":2},"end":{"line":11,"column":76}},"6":{"start":{"line":12,"column":2},"end":{"line":14,"column":5}},"7":{"start":{"line":13,"column":4},"end":{"line":13,"column":50}}},"fnMap":{"0":{"name":"(anonymous_0)","decl":{"start":{"line":4,"column":17},"end":{"line":4,"column":18}},"loc":{"start":{"line":4,"column":29},"end":{"line":15,"column":1}},"line":4},"1":{"name":"(anonymous_1)","decl":{"start":{"line":12,"column":18},"end":{"line":12,"column":19}},"loc":{"start":{"line":12,"column":30},"end":{"line":14,"column":3}},"line":12}},"branchMap":{},"s":{"0":5,"1":5,"2":5,"3":5,"4":5,"5":5,"6":5,"7":5},"f":{"0":5,"1":5},"b":{},"_coverageSchema":"1a1c01bbd47fc00a2c39e90264f33305004495a9","hash":"72ce7670b80b152c9c1947c0603dc7eacdfe9032"}
,"/home/abdu/Desktop/fatura/Startup/Routes.js": {"path":"/home/abdu/Desktop/fatura/Startup/Routes.js","statementMap":{"0":{"start":{"line":1,"column":16},"end":{"line":1,"column":34}},"1":{"start":{"line":2,"column":13},"end":{"line":2,"column":28}},"2":{"start":{"line":3,"column":21},"end":{"line":3,"column":45}},"3":{"start":{"line":4,"column":20},"end":{"line":4,"column":42}},"4":{"start":{"line":6,"column":13},"end":{"line":6,"column":38}},"5":{"start":{"line":8,"column":0},"end":{"line":15,"column":2}},"6":{"start":{"line":9,"column":2},"end":{"line":9,"column":26}},"7":{"start":{"line":10,"column":2},"end":{"line":10,"column":18}},"8":{"start":{"line":11,"column":2},"end":{"line":11,"column":26}},"9":{"start":{"line":12,"column":2},"end":{"line":12,"column":25}},"10":{"start":{"line":14,"column":2},"end":{"line":14,"column":25}}},"fnMap":{"0":{"name":"(anonymous_0)","decl":{"start":{"line":8,"column":17},"end":{"line":8,"column":18}},"loc":{"start":{"line":8,"column":32},"end":{"line":15,"column":1}},"line":8}},"branchMap":{},"s":{"0":5,"1":5,"2":5,"3":5,"4":5,"5":5,"6":5,"7":5,"8":5,"9":5,"10":5},"f":{"0":5},"b":{},"_coverageSchema":"1a1c01bbd47fc00a2c39e90264f33305004495a9","hash":"783408922ab6c474ad3b96a4848357c88bc45172"}
}
