{"/home/abdu/Desktop/Fatura/server.js": {"path":"/home/abdu/Desktop/Fatura/server.js","statementMap":{"0":{"start":{"line":1,"column":16},"end":{"line":1,"column":34}},"1":{"start":{"line":2,"column":0},"end":{"line":2,"column":32}},"2":{"start":{"line":3,"column":0},"end":{"line":3,"column":66}},"3":{"start":{"line":5,"column":12},"end":{"line":5,"column":21}},"4":{"start":{"line":7,"column":0},"end":{"line":7,"column":26}},"5":{"start":{"line":8,"column":0},"end":{"line":8,"column":33}},"6":{"start":{"line":10,"column":0},"end":{"line":10,"column":21}}},"fnMap":{},"branchMap":{},"s":{"0":5,"1":5,"2":5,"3":5,"4":5,"5":5,"6":5},"f":{},"b":{},"_coverageSchema":"1a1c01bbd47fc00a2c39e90264f33305004495a9","hash":"5ff2e06f908249f60987260c5890b2eadd2fb6be"}
,"/home/abdu/Desktop/Fatura/Controllers/addEmployee.js": {"path":"/home/abdu/Desktop/Fatura/Controllers/addEmployee.js","statementMap":{"0":{"start":{"line":1,"column":13},"end":{"line":1,"column":38}},"1":{"start":{"line":3,"column":12},"end":{"line":3,"column":26}},"2":{"start":{"line":4,"column":15},"end":{"line":4,"column":34}},"3":{"start":{"line":6,"column":0},"end":{"line":28,"column":2}},"4":{"start":{"line":7,"column":20},"end":{"line":7,"column":46}},"5":{"start":{"line":8,"column":2},"end":{"line":8,"column":80}},"6":{"start":{"line":8,"column":13},"end":{"line":8,"column":80}},"7":{"start":{"line":10,"column":16},"end":{"line":10,"column":44}},"8":{"start":{"line":12,"column":17},"end":{"line":12,"column":53}},"9":{"start":{"line":13,"column":2},"end":{"line":14,"column":73}},"10":{"start":{"line":14,"column":4},"end":{"line":14,"column":73}},"11":{"start":{"line":16,"column":2},"end":{"line":21,"column":5}},"12":{"start":{"line":23,"column":15},"end":{"line":23,"column":39}},"13":{"start":{"line":24,"column":2},"end":{"line":24,"column":65}},"14":{"start":{"line":25,"column":2},"end":{"line":25,"column":24}},"15":{"start":{"line":27,"column":2},"end":{"line":27,"column":47}},"16":{"start":{"line":31,"column":17},"end":{"line":39,"column":4}},"17":{"start":{"line":40,"column":2},"end":{"line":40,"column":35}}},"fnMap":{"0":{"name":"(anonymous_0)","decl":{"start":{"line":6,"column":17},"end":{"line":6,"column":18}},"loc":{"start":{"line":6,"column":37},"end":{"line":28,"column":1}},"line":6},"1":{"name":"validateEmployee","decl":{"start":{"line":30,"column":9},"end":{"line":30,"column":25}},"loc":{"start":{"line":30,"column":36},"end":{"line":41,"column":1}},"line":30}},"branchMap":{"0":{"loc":{"start":{"line":8,"column":2},"end":{"line":8,"column":80}},"type":"if","locations":[{"start":{"line":8,"column":2},"end":{"line":8,"column":80}},{"start":{},"end":{}}],"line":8},"1":{"loc":{"start":{"line":13,"column":2},"end":{"line":14,"column":73}},"type":"if","locations":[{"start":{"line":13,"column":2},"end":{"line":14,"column":73}},{"start":{},"end":{}}],"line":13}},"s":{"0":5,"1":5,"2":5,"3":5,"4":3,"5":3,"6":1,"7":2,"8":2,"9":2,"10":1,"11":1,"12":1,"13":1,"14":1,"15":1,"16":3,"17":3},"f":{"0":3,"1":3},"b":{"0":[1,2],"1":[1,1]},"_coverageSchema":"1a1c01bbd47fc00a2c39e90264f33305004495a9","hash":"41eec3321b4cf7f721e3aecda24f1c8aad1e2f93"}
,"/home/abdu/Desktop/Fatura/Controllers/assignRole.js": {"path":"/home/abdu/Desktop/Fatura/Controllers/assignRole.js","statementMap":{"0":{"start":{"line":1,"column":13},"end":{"line":1,"column":38}},"1":{"start":{"line":3,"column":12},"end":{"line":3,"column":26}},"2":{"start":{"line":5,"column":0},"end":{"line":16,"column":2}},"3":{"start":{"line":6,"column":20},"end":{"line":6,"column":38}},"4":{"start":{"line":7,"column":2},"end":{"line":7,"column":80}},"5":{"start":{"line":7,"column":13},"end":{"line":7,"column":80}},"6":{"start":{"line":9,"column":13},"end":{"line":12,"column":3}},"7":{"start":{"line":13,"column":2},"end":{"line":13,"column":72}},"8":{"start":{"line":13,"column":13},"end":{"line":13,"column":72}},"9":{"start":{"line":15,"column":2},"end":{"line":15,"column":52}},"10":{"start":{"line":19,"column":17},"end":{"line":21,"column":4}},"11":{"start":{"line":22,"column":2},"end":{"line":22,"column":30}}},"fnMap":{"0":{"name":"(anonymous_0)","decl":{"start":{"line":5,"column":17},"end":{"line":5,"column":18}},"loc":{"start":{"line":5,"column":37},"end":{"line":16,"column":1}},"line":5},"1":{"name":"validate","decl":{"start":{"line":18,"column":9},"end":{"line":18,"column":17}},"loc":{"start":{"line":18,"column":23},"end":{"line":23,"column":1}},"line":18}},"branchMap":{"0":{"loc":{"start":{"line":7,"column":2},"end":{"line":7,"column":80}},"type":"if","locations":[{"start":{"line":7,"column":2},"end":{"line":7,"column":80}},{"start":{},"end":{}}],"line":7},"1":{"loc":{"start":{"line":13,"column":2},"end":{"line":13,"column":72}},"type":"if","locations":[{"start":{"line":13,"column":2},"end":{"line":13,"column":72}},{"start":{},"end":{}}],"line":13}},"s":{"0":5,"1":5,"2":5,"3":4,"4":4,"5":2,"6":2,"7":2,"8":1,"9":1,"10":4,"11":4},"f":{"0":4,"1":4},"b":{"0":[2,2],"1":[1,1]},"_coverageSchema":"1a1c01bbd47fc00a2c39e90264f33305004495a9","hash":"948d385174611d443c0be8807589543d50f8f24a"}
,"/home/abdu/Desktop/Fatura/Controllers/generateAccessToken.js": {"path":"/home/abdu/Desktop/Fatura/Controllers/generateAccessToken.js","statementMap":{"0":{"start":{"line":1,"column":13},"end":{"line":1,"column":38}},"1":{"start":{"line":3,"column":20},"end":{"line":3,"column":61}},"2":{"start":{"line":5,"column":12},"end":{"line":5,"column":35}},"3":{"start":{"line":7,"column":0},"end":{"line":27,"column":2}},"4":{"start":{"line":8,"column":18},"end":{"line":11,"column":3}},"5":{"start":{"line":13,"column":2},"end":{"line":14,"column":70}},"6":{"start":{"line":14,"column":4},"end":{"line":14,"column":70}},"7":{"start":{"line":16,"column":15},"end":{"line":16,"column":56}},"8":{"start":{"line":17,"column":2},"end":{"line":17,"column":72}},"9":{"start":{"line":17,"column":13},"end":{"line":17,"column":72}},"10":{"start":{"line":19,"column":22},"end":{"line":19,"column":45}},"11":{"start":{"line":21,"column":2},"end":{"line":24,"column":5}},"12":{"start":{"line":26,"column":2},"end":{"line":26,"column":68}}},"fnMap":{"0":{"name":"(anonymous_0)","decl":{"start":{"line":7,"column":17},"end":{"line":7,"column":18}},"loc":{"start":{"line":7,"column":37},"end":{"line":27,"column":1}},"line":7}},"branchMap":{"0":{"loc":{"start":{"line":13,"column":2},"end":{"line":14,"column":70}},"type":"if","locations":[{"start":{"line":13,"column":2},"end":{"line":14,"column":70}},{"start":{},"end":{}}],"line":13},"1":{"loc":{"start":{"line":17,"column":2},"end":{"line":17,"column":72}},"type":"if","locations":[{"start":{"line":17,"column":2},"end":{"line":17,"column":72}},{"start":{},"end":{}}],"line":17}},"s":{"0":5,"1":5,"2":5,"3":5,"4":4,"5":4,"6":1,"7":2,"8":2,"9":1,"10":1,"11":1,"12":1},"f":{"0":4},"b":{"0":[1,2],"1":[1,1]},"_coverageSchema":"1a1c01bbd47fc00a2c39e90264f33305004495a9","hash":"6a64e476aecae19bb8bab012c43423448de01345"}
,"/home/abdu/Desktop/Fatura/Controllers/logOut.js": {"path":"/home/abdu/Desktop/Fatura/Controllers/logOut.js","statementMap":{"0":{"start":{"line":1,"column":0},"end":{"line":13,"column":2}},"1":{"start":{"line":2,"column":2},"end":{"line":5,"column":5}},"2":{"start":{"line":7,"column":2},"end":{"line":10,"column":5}},"3":{"start":{"line":12,"column":2},"end":{"line":12,"column":32}}},"fnMap":{"0":{"name":"(anonymous_0)","decl":{"start":{"line":1,"column":17},"end":{"line":1,"column":18}},"loc":{"start":{"line":1,"column":37},"end":{"line":13,"column":1}},"line":1}},"branchMap":{},"s":{"0":5,"1":2,"2":1,"3":1},"f":{"0":2},"b":{},"_coverageSchema":"1a1c01bbd47fc00a2c39e90264f33305004495a9","hash":"afd7ea535049b4c38b3379f89fcb734ec2e377ad"}
,"/home/abdu/Desktop/Fatura/Controllers/login.js": {"path":"/home/abdu/Desktop/Fatura/Controllers/login.js","statementMap":{"0":{"start":{"line":1,"column":13},"end":{"line":1,"column":38}},"1":{"start":{"line":3,"column":15},"end":{"line":3,"column":34}},"2":{"start":{"line":4,"column":12},"end":{"line":4,"column":26}},"3":{"start":{"line":6,"column":20},"end":{"line":6,"column":61}},"4":{"start":{"line":7,"column":21},"end":{"line":7,"column":63}},"5":{"start":{"line":9,"column":0},"end":{"line":37,"column":2}},"6":{"start":{"line":10,"column":20},"end":{"line":10,"column":38}},"7":{"start":{"line":11,"column":2},"end":{"line":11,"column":80}},"8":{"start":{"line":11,"column":13},"end":{"line":11,"column":80}},"9":{"start":{"line":13,"column":13},"end":{"line":13,"column":72}},"10":{"start":{"line":14,"column":2},"end":{"line":14,"column":70}},"11":{"start":{"line":14,"column":13},"end":{"line":14,"column":70}},"12":{"start":{"line":16,"column":18},"end":{"line":16,"column":72}},"13":{"start":{"line":17,"column":2},"end":{"line":17,"column":73}},"14":{"start":{"line":17,"column":16},"end":{"line":17,"column":73}},"15":{"start":{"line":19,"column":22},"end":{"line":19,"column":45}},"16":{"start":{"line":20,"column":23},"end":{"line":20,"column":47}},"17":{"start":{"line":22,"column":2},"end":{"line":25,"column":5}},"18":{"start":{"line":27,"column":2},"end":{"line":30,"column":5}},"19":{"start":{"line":32,"column":2},"end":{"line":36,"column":5}},"20":{"start":{"line":40,"column":17},"end":{"line":46,"column":4}},"21":{"start":{"line":47,"column":2},"end":{"line":47,"column":30}}},"fnMap":{"0":{"name":"(anonymous_0)","decl":{"start":{"line":9,"column":17},"end":{"line":9,"column":18}},"loc":{"start":{"line":9,"column":37},"end":{"line":37,"column":1}},"line":9},"1":{"name":"validate","decl":{"start":{"line":39,"column":9},"end":{"line":39,"column":17}},"loc":{"start":{"line":39,"column":23},"end":{"line":48,"column":1}},"line":39}},"branchMap":{"0":{"loc":{"start":{"line":11,"column":2},"end":{"line":11,"column":80}},"type":"if","locations":[{"start":{"line":11,"column":2},"end":{"line":11,"column":80}},{"start":{},"end":{}}],"line":11},"1":{"loc":{"start":{"line":14,"column":2},"end":{"line":14,"column":70}},"type":"if","locations":[{"start":{"line":14,"column":2},"end":{"line":14,"column":70}},{"start":{},"end":{}}],"line":14},"2":{"loc":{"start":{"line":17,"column":2},"end":{"line":17,"column":73}},"type":"if","locations":[{"start":{"line":17,"column":2},"end":{"line":17,"column":73}},{"start":{},"end":{}}],"line":17}},"s":{"0":5,"1":5,"2":5,"3":5,"4":5,"5":5,"6":4,"7":4,"8":1,"9":3,"10":3,"11":2,"12":1,"13":1,"14":0,"15":1,"16":1,"17":1,"18":1,"19":1,"20":4,"21":4},"f":{"0":4,"1":4},"b":{"0":[1,3],"1":[2,1],"2":[0,1]},"_coverageSchema":"1a1c01bbd47fc00a2c39e90264f33305004495a9","hash":"cb388f04f27a90edbe8339c815d80dc10be910d9"}
,"/home/abdu/Desktop/Fatura/Middlewares/auth.js": {"path":"/home/abdu/Desktop/Fatura/Middlewares/auth.js","statementMap":{"0":{"start":{"line":1,"column":12},"end":{"line":1,"column":35}},"1":{"start":{"line":3,"column":0},"end":{"line":15,"column":2}},"2":{"start":{"line":4,"column":2},"end":{"line":13,"column":3}},"3":{"start":{"line":5,"column":18},"end":{"line":5,"column":57}},"4":{"start":{"line":7,"column":4},"end":{"line":7,"column":61}},"5":{"start":{"line":7,"column":16},"end":{"line":7,"column":61}},"6":{"start":{"line":9,"column":20},"end":{"line":9,"column":64}},"7":{"start":{"line":10,"column":4},"end":{"line":10,"column":23}},"8":{"start":{"line":12,"column":4},"end":{"line":12,"column":63}},"9":{"start":{"line":14,"column":2},"end":{"line":14,"column":9}}},"fnMap":{"0":{"name":"(anonymous_0)","decl":{"start":{"line":3,"column":17},"end":{"line":3,"column":18}},"loc":{"start":{"line":3,"column":43},"end":{"line":15,"column":1}},"line":3}},"branchMap":{"0":{"loc":{"start":{"line":7,"column":4},"end":{"line":7,"column":61}},"type":"if","locations":[{"start":{"line":7,"column":4},"end":{"line":7,"column":61}},{"start":{},"end":{}}],"line":7}},"s":{"0":5,"1":5,"2":14,"3":14,"4":13,"5":3,"6":10,"7":10,"8":1,"9":11},"f":{"0":14},"b":{"0":[3,10]},"_coverageSchema":"1a1c01bbd47fc00a2c39e90264f33305004495a9","hash":"5ebabb17372a56a826e4dd54f394df94845b855b"}
,"/home/abdu/Desktop/Fatura/Middlewares/errors.js": {"path":"/home/abdu/Desktop/Fatura/Middlewares/errors.js","statementMap":{"0":{"start":{"line":1,"column":0},"end":{"line":6,"column":2}},"1":{"start":{"line":2,"column":2},"end":{"line":5,"column":5}}},"fnMap":{"0":{"name":"(anonymous_0)","decl":{"start":{"line":1,"column":17},"end":{"line":1,"column":18}},"loc":{"start":{"line":1,"column":42},"end":{"line":6,"column":1}},"line":1}},"branchMap":{},"s":{"0":5,"1":2},"f":{"0":2},"b":{},"_coverageSchema":"1a1c01bbd47fc00a2c39e90264f33305004495a9","hash":"11cca7cee59d2d659532320c61789ebefafb5000"}
,"/home/abdu/Desktop/Fatura/Middlewares/isAdmin.js": {"path":"/home/abdu/Desktop/Fatura/Middlewares/isAdmin.js","statementMap":{"0":{"start":{"line":1,"column":0},"end":{"line":5,"column":2}},"1":{"start":{"line":2,"column":2},"end":{"line":3,"column":68}},"2":{"start":{"line":3,"column":4},"end":{"line":3,"column":68}},"3":{"start":{"line":4,"column":2},"end":{"line":4,"column":9}}},"fnMap":{"0":{"name":"(anonymous_0)","decl":{"start":{"line":1,"column":17},"end":{"line":1,"column":18}},"loc":{"start":{"line":1,"column":43},"end":{"line":5,"column":1}},"line":1}},"branchMap":{"0":{"loc":{"start":{"line":2,"column":2},"end":{"line":3,"column":68}},"type":"if","locations":[{"start":{"line":2,"column":2},"end":{"line":3,"column":68}},{"start":{},"end":{}}],"line":2}},"s":{"0":5,"1":9,"2":2,"3":7},"f":{"0":9},"b":{"0":[2,7]},"_coverageSchema":"1a1c01bbd47fc00a2c39e90264f33305004495a9","hash":"d6014b8738265fc48c4fd87b315bbf73080ab5ed"}
,"/home/abdu/Desktop/Fatura/Middlewares/verifyRefresh.js": {"path":"/home/abdu/Desktop/Fatura/Middlewares/verifyRefresh.js","statementMap":{"0":{"start":{"line":1,"column":12},"end":{"line":1,"column":35}},"1":{"start":{"line":3,"column":0},"end":{"line":15,"column":2}},"2":{"start":{"line":4,"column":2},"end":{"line":13,"column":3}},"3":{"start":{"line":5,"column":18},"end":{"line":5,"column":57}},"4":{"start":{"line":7,"column":4},"end":{"line":7,"column":61}},"5":{"start":{"line":7,"column":16},"end":{"line":7,"column":61}},"6":{"start":{"line":9,"column":20},"end":{"line":9,"column":65}},"7":{"start":{"line":10,"column":4},"end":{"line":10,"column":23}},"8":{"start":{"line":12,"column":4},"end":{"line":12,"column":63}},"9":{"start":{"line":14,"column":2},"end":{"line":14,"column":9}}},"fnMap":{"0":{"name":"(anonymous_0)","decl":{"start":{"line":3,"column":17},"end":{"line":3,"column":18}},"loc":{"start":{"line":3,"column":43},"end":{"line":15,"column":1}},"line":3}},"branchMap":{"0":{"loc":{"start":{"line":7,"column":4},"end":{"line":7,"column":61}},"type":"if","locations":[{"start":{"line":7,"column":4},"end":{"line":7,"column":61}},{"start":{},"end":{}}],"line":7}},"s":{"0":5,"1":5,"2":5,"3":5,"4":5,"5":1,"6":4,"7":3,"8":1,"9":4},"f":{"0":5},"b":{"0":[1,4]},"_coverageSchema":"1a1c01bbd47fc00a2c39e90264f33305004495a9","hash":"351d726f68fe33a39c45201e57a7a9e57e33594e"}
,"/home/abdu/Desktop/Fatura/Models/User.js": {"path":"/home/abdu/Desktop/Fatura/Models/User.js","statementMap":{"0":{"start":{"line":1,"column":17},"end":{"line":1,"column":36}},"1":{"start":{"line":3,"column":15},"end":{"line":3,"column":30}},"2":{"start":{"line":5,"column":19},"end":{"line":25,"column":1}},"3":{"start":{"line":27,"column":13},"end":{"line":27,"column":47}},"4":{"start":{"line":29,"column":0},"end":{"line":29,"column":22}}},"fnMap":{},"branchMap":{},"s":{"0":5,"1":5,"2":5,"3":5,"4":5},"f":{},"b":{},"_coverageSchema":"1a1c01bbd47fc00a2c39e90264f33305004495a9","hash":"a370608eb0e61bd11eb8f853e6af252d0b038dcb"}
,"/home/abdu/Desktop/Fatura/Routes/User.js": {"path":"/home/abdu/Desktop/Fatura/Routes/User.js","statementMap":{"0":{"start":{"line":1,"column":16},"end":{"line":1,"column":34}},"1":{"start":{"line":3,"column":15},"end":{"line":3,"column":31}},"2":{"start":{"line":5,"column":22},"end":{"line":5,"column":61}},"3":{"start":{"line":6,"column":13},"end":{"line":6,"column":43}},"4":{"start":{"line":7,"column":16},"end":{"line":7,"column":49}},"5":{"start":{"line":9,"column":20},"end":{"line":9,"column":57}},"6":{"start":{"line":10,"column":14},"end":{"line":10,"column":45}},"7":{"start":{"line":11,"column":28},"end":{"line":11,"column":73}},"8":{"start":{"line":12,"column":15},"end":{"line":12,"column":47}},"9":{"start":{"line":13,"column":19},"end":{"line":13,"column":55}},"10":{"start":{"line":15,"column":0},"end":{"line":15,"column":56}},"11":{"start":{"line":16,"column":0},"end":{"line":16,"column":29}},"12":{"start":{"line":17,"column":0},"end":{"line":17,"column":72}},"13":{"start":{"line":18,"column":0},"end":{"line":18,"column":36}},"14":{"start":{"line":19,"column":0},"end":{"line":19,"column":61}},"15":{"start":{"line":21,"column":0},"end":{"line":21,"column":24}}},"fnMap":{},"branchMap":{},"s":{"0":5,"1":5,"2":5,"3":5,"4":5,"5":5,"6":5,"7":5,"8":5,"9":5,"10":5,"11":5,"12":5,"13":5,"14":5,"15":5},"f":{},"b":{},"_coverageSchema":"1a1c01bbd47fc00a2c39e90264f33305004495a9","hash":"2ef01f5d89ed2e1a8fba8c05a968d2f6c7b1e5c1"}
,"/home/abdu/Desktop/Fatura/Services/JWT/generateAccess.js": {"path":"/home/abdu/Desktop/Fatura/Services/JWT/generateAccess.js","statementMap":{"0":{"start":{"line":1,"column":12},"end":{"line":1,"column":35}},"1":{"start":{"line":3,"column":0},"end":{"line":11,"column":2}},"2":{"start":{"line":4,"column":16},"end":{"line":8,"column":3}},"3":{"start":{"line":10,"column":2},"end":{"line":10,"column":15}}},"fnMap":{"0":{"name":"(anonymous_0)","decl":{"start":{"line":3,"column":17},"end":{"line":3,"column":18}},"loc":{"start":{"line":3,"column":33},"end":{"line":11,"column":1}},"line":3}},"branchMap":{},"s":{"0":5,"1":5,"2":2,"3":2},"f":{"0":2},"b":{},"_coverageSchema":"1a1c01bbd47fc00a2c39e90264f33305004495a9","hash":"8f7d56cb3ec92a788150c7e71ba3d278a4294b3d"}
,"/home/abdu/Desktop/Fatura/Services/JWT/generateRefresh.js": {"path":"/home/abdu/Desktop/Fatura/Services/JWT/generateRefresh.js","statementMap":{"0":{"start":{"line":1,"column":12},"end":{"line":1,"column":35}},"1":{"start":{"line":3,"column":0},"end":{"line":11,"column":2}},"2":{"start":{"line":4,"column":16},"end":{"line":8,"column":3}},"3":{"start":{"line":10,"column":2},"end":{"line":10,"column":15}}},"fnMap":{"0":{"name":"(anonymous_0)","decl":{"start":{"line":3,"column":17},"end":{"line":3,"column":18}},"loc":{"start":{"line":3,"column":33},"end":{"line":11,"column":1}},"line":3}},"branchMap":{},"s":{"0":5,"1":5,"2":2,"3":2},"f":{"0":2},"b":{},"_coverageSchema":"1a1c01bbd47fc00a2c39e90264f33305004495a9","hash":"c7bd18519402d4f8d9b6e4e2ceeaac421bd6f709"}
,"/home/abdu/Desktop/Fatura/Startup/DB.js": {"path":"/home/abdu/Desktop/Fatura/Startup/DB.js","statementMap":{"0":{"start":{"line":1,"column":17},"end":{"line":1,"column":36}},"1":{"start":{"line":3,"column":0},"end":{"line":11,"column":2}},"2":{"start":{"line":4,"column":2},"end":{"line":7,"column":5}},"3":{"start":{"line":9,"column":13},"end":{"line":9,"column":32}},"4":{"start":{"line":10,"column":2},"end":{"line":10,"column":76}}},"fnMap":{"0":{"name":"(anonymous_0)","decl":{"start":{"line":3,"column":17},"end":{"line":3,"column":18}},"loc":{"start":{"line":3,"column":29},"end":{"line":11,"column":1}},"line":3}},"branchMap":{},"s":{"0":5,"1":5,"2":5,"3":5,"4":5},"f":{"0":5},"b":{},"_coverageSchema":"1a1c01bbd47fc00a2c39e90264f33305004495a9","hash":"6d5c64bce9aa315346d4f0f107cf49dbfbc5198d"}
,"/home/abdu/Desktop/Fatura/Startup/Routes.js": {"path":"/home/abdu/Desktop/Fatura/Startup/Routes.js","statementMap":{"0":{"start":{"line":1,"column":16},"end":{"line":1,"column":34}},"1":{"start":{"line":2,"column":13},"end":{"line":2,"column":28}},"2":{"start":{"line":3,"column":21},"end":{"line":3,"column":45}},"3":{"start":{"line":4,"column":20},"end":{"line":4,"column":42}},"4":{"start":{"line":5,"column":15},"end":{"line":5,"column":47}},"5":{"start":{"line":7,"column":13},"end":{"line":7,"column":38}},"6":{"start":{"line":9,"column":0},"end":{"line":18,"column":2}},"7":{"start":{"line":10,"column":2},"end":{"line":10,"column":26}},"8":{"start":{"line":11,"column":2},"end":{"line":11,"column":18}},"9":{"start":{"line":12,"column":2},"end":{"line":12,"column":26}},"10":{"start":{"line":13,"column":2},"end":{"line":13,"column":25}},"11":{"start":{"line":15,"column":2},"end":{"line":15,"column":25}},"12":{"start":{"line":17,"column":2},"end":{"line":17,"column":18}}},"fnMap":{"0":{"name":"(anonymous_0)","decl":{"start":{"line":9,"column":17},"end":{"line":9,"column":18}},"loc":{"start":{"line":9,"column":32},"end":{"line":18,"column":1}},"line":9}},"branchMap":{},"s":{"0":5,"1":5,"2":5,"3":5,"4":5,"5":5,"6":5,"7":5,"8":5,"9":5,"10":5,"11":5,"12":5},"f":{"0":5},"b":{},"_coverageSchema":"1a1c01bbd47fc00a2c39e90264f33305004495a9","hash":"ac3651a176d7c2ba549e8c29a3be216fb3cfc42b"}
}
