TN:
SF:server.js
FNF:0
FNH:0
DA:1,5
DA:2,5
DA:3,5
DA:5,5
DA:7,5
DA:8,5
DA:10,5
LF:7
LH:7
BRF:0
BRH:0
end_of_record
TN:
SF:Controllers/addEmployee.js
FN:6,(anonymous_0)
FN:30,validateEmployee
FNF:2
FNH:2
FNDA:3,(anonymous_0)
FNDA:3,validateEmployee
DA:1,5
DA:3,5
DA:4,5
DA:6,5
DA:7,3
DA:8,3
DA:10,2
DA:12,2
DA:13,2
DA:14,2
DA:16,0
DA:23,0
DA:24,0
DA:25,0
DA:27,0
DA:31,3
DA:40,3
LF:17
LH:12
BRDA:8,0,0,1
BRDA:8,0,1,2
BRDA:13,1,0,2
BRDA:13,1,1,0
BRF:4
BRH:3
end_of_record
TN:
SF:Controllers/assignRole.js
FN:5,(anonymous_0)
FN:18,validate
FNF:2
FNH:2
FNDA:4,(anonymous_0)
FNDA:4,validate
DA:1,5
DA:3,5
DA:5,5
DA:6,4
DA:7,4
DA:9,2
DA:13,2
DA:15,0
DA:19,4
DA:22,4
LF:10
LH:9
BRDA:7,0,0,2
BRDA:7,0,1,2
BRDA:13,1,0,2
BRDA:13,1,1,0
BRF:4
BRH:3
end_of_record
TN:
SF:Controllers/generateAccessToken.js
FN:7,(anonymous_0)
FNF:1
FNH:1
FNDA:4,(anonymous_0)
DA:1,5
DA:3,5
DA:5,5
DA:7,5
DA:8,4
DA:13,4
DA:14,1
DA:16,2
DA:17,2
DA:19,0
DA:21,0
DA:26,0
LF:12
LH:9
BRDA:13,0,0,1
BRDA:13,0,1,2
BRDA:17,1,0,2
BRDA:17,1,1,0
BRF:4
BRH:3
end_of_record
TN:
SF:Controllers/logOut.js
FN:1,(anonymous_0)
FNF:1
FNH:1
FNDA:2,(anonymous_0)
DA:1,5
DA:2,2
DA:7,1
DA:12,1
LF:4
LH:4
BRF:0
BRH:0
end_of_record
TN:
SF:Controllers/login.js
FN:9,(anonymous_0)
FN:39,validate
FNF:2
FNH:2
FNDA:4,(anonymous_0)
FNDA:4,validate
DA:1,5
DA:3,5
DA:4,5
DA:6,5
DA:7,5
DA:9,5
DA:10,4
DA:11,4
DA:13,3
DA:14,3
DA:16,2
DA:17,2
DA:19,1
DA:20,1
DA:22,1
DA:27,1
DA:32,1
DA:40,4
DA:47,4
LF:19
LH:19
BRDA:11,0,0,1
BRDA:11,0,1,3
BRDA:14,1,0,1
BRDA:14,1,1,2
BRDA:17,2,0,1
BRDA:17,2,1,1
BRF:6
BRH:6
end_of_record
TN:
SF:Middlewares/auth.js
FN:3,(anonymous_0)
FNF:1
FNH:1
FNDA:14,(anonymous_0)
DA:1,5
DA:3,5
DA:4,14
DA:5,14
DA:7,13
DA:9,10
DA:10,10
DA:12,1
DA:14,11
LF:9
LH:9
BRDA:7,0,0,3
BRDA:7,0,1,10
BRF:2
BRH:2
end_of_record
TN:
SF:Middlewares/isAdmin.js
FN:1,(anonymous_0)
FNF:1
FNH:1
FNDA:9,(anonymous_0)
DA:1,5
DA:2,9
DA:3,2
DA:4,7
LF:4
LH:4
BRDA:2,0,0,2
BRDA:2,0,1,7
BRF:2
BRH:2
end_of_record
TN:
SF:Middlewares/verifyRefresh.js
FN:3,(anonymous_0)
FNF:1
FNH:1
FNDA:5,(anonymous_0)
DA:1,5
DA:3,5
DA:4,5
DA:5,5
DA:7,5
DA:9,4
DA:10,3
DA:12,1
DA:14,4
LF:9
LH:9
BRDA:7,0,0,1
BRDA:7,0,1,4
BRF:2
BRH:2
end_of_record
TN:
SF:Models/User.js
FNF:0
FNH:0
DA:1,5
DA:3,5
DA:5,5
DA:27,5
DA:29,5
LF:5
LH:5
BRF:0
BRH:0
end_of_record
TN:
SF:Routes/User.js
FNF:0
FNH:0
DA:1,5
DA:3,5
DA:5,5
DA:6,5
DA:7,5
DA:9,5
DA:10,5
DA:11,5
DA:12,5
DA:13,5
DA:15,5
DA:16,5
DA:17,5
DA:18,5
DA:19,5
DA:21,5
LF:16
LH:16
BRF:0
BRH:0
end_of_record
TN:
SF:Services/JWT/generateAccess.js
FN:3,(anonymous_0)
FNF:1
FNH:1
FNDA:1,(anonymous_0)
DA:1,5
DA:3,5
DA:4,1
DA:10,1
LF:4
LH:4
BRF:0
BRH:0
end_of_record
TN:
SF:Services/JWT/generateRefresh.js
FN:3,(anonymous_0)
FNF:1
FNH:1
FNDA:1,(anonymous_0)
DA:1,5
DA:3,5
DA:4,1
DA:10,1
LF:4
LH:4
BRF:0
BRH:0
end_of_record
TN:
SF:Startup/DB.js
FN:4,(anonymous_0)
FN:12,(anonymous_1)
FNF:2
FNH:2
FNDA:5,(anonymous_0)
FNDA:5,(anonymous_1)
DA:1,5
DA:2,5
DA:4,5
DA:5,5
DA:10,5
DA:11,5
DA:12,5
DA:13,5
LF:8
LH:8
BRF:0
BRH:0
end_of_record
TN:
SF:Startup/Routes.js
FN:8,(anonymous_0)
FNF:1
FNH:1
FNDA:5,(anonymous_0)
DA:1,5
DA:2,5
DA:3,5
DA:4,5
DA:6,5
DA:8,5
DA:9,5
DA:10,5
DA:11,5
DA:12,5
DA:14,5
LF:11
LH:11
BRF:0
BRH:0
end_of_record
